[debug] [2025-11-24T04:39:49.567Z] ----------------------------------------------------------------------
[debug] [2025-11-24T04:39:49.569Z] Command:       C:\Program Files\nodejs\node.exe C:\Users\Gonza\AppData\Roaming\npm\node_modules\firebase-tools\lib\bin\firebase.js init
[debug] [2025-11-24T04:39:49.570Z] CLI Version:   14.26.0
[debug] [2025-11-24T04:39:49.570Z] Platform:      win32
[debug] [2025-11-24T04:39:49.570Z] Node Version:  v22.19.0
[debug] [2025-11-24T04:39:49.570Z] Time:          Mon Nov 24 2025 01:39:49 GMT-0300 (hora de verano de Chile)
[debug] [2025-11-24T04:39:49.570Z] ----------------------------------------------------------------------
[debug] 
[info] 
     ######## #### ########  ######## ########     ###     ######  ########
     ##        ##  ##     ## ##       ##     ##  ##   ##  ##       ##
     ######    ##  ########  ######   ########  #########  ######  ######
     ##        ##  ##    ##  ##       ##     ## ##     ##       ## ##
     ##       #### ##     ## ######## ########  ##     ##  ######  ########

You're about to initialize a Firebase project in this directory:

  C:\Users\Gonza\OneDrive\Escritorio\panchi-store

[info] 
=== Project Setup
[info] 
[info] First, let's associate this project directory with a Firebase project.
[info] You can create multiple project aliases by running firebase use --add, 
[info] 
[debug] [2025-11-24T04:46:16.344Z] > command requires scopes: ["email","openid","https://www.googleapis.com/auth/cloudplatformprojects.readonly","https://www.googleapis.com/auth/firebase","https://www.googleapis.com/auth/cloud-platform"]
[debug] [2025-11-24T04:46:16.344Z] > authorizing via signed-in user (go.cortes@duocuc.cl)
[debug] [2025-11-24T04:46:16.346Z] Checked if tokens are valid: true, expires at: 1763962710996
[debug] [2025-11-24T04:46:16.346Z] Checked if tokens are valid: true, expires at: 1763962710996
[debug] [2025-11-24T04:46:16.347Z] >>> [apiv2][query] GET https://firebase.googleapis.com/v1beta1/projects pageSize=100
[debug] [2025-11-24T04:46:17.020Z] <<< [apiv2][status] GET https://firebase.googleapis.com/v1beta1/projects 200
[debug] [2025-11-24T04:46:17.020Z] <<< [apiv2][body] GET https://firebase.googleapis.com/v1beta1/projects [omitted]
[info] 
=== Hosting Setup
[debug] [2025-11-24T04:46:45.524Z] Checked if tokens are valid: true, expires at: 1763962710996
[debug] [2025-11-24T04:46:45.524Z] Checked if tokens are valid: true, expires at: 1763962710996
[debug] [2025-11-24T04:46:45.524Z] >>> [apiv2][query] GET https://firebase.googleapis.com/v1beta1/projects/panchi-store [none]
[debug] [2025-11-24T04:46:45.840Z] <<< [apiv2][status] GET https://firebase.googleapis.com/v1beta1/projects/panchi-store 200
[debug] [2025-11-24T04:46:45.840Z] <<< [apiv2][body] GET https://firebase.googleapis.com/v1beta1/projects/panchi-store {"projectId":"panchi-store","projectNumber":"494632133932","displayName":"Panchi-store","name":"projects/panchi-store","resources":{"hostingSite":"panchi-store"},"state":"ACTIVE","etag":"1_786c5110-d929-410c-bfb1-6f00fd98b417"}
[info] 
[info] Your public directory is the folder (relative to your project directory) that
[info] will contain Hosting assets to be uploaded with firebase deploy. If you
[info] have a build process for your assets, use your build's output directory.
[info] 
[debug] [2025-11-24T04:48:37.190Z] ExitPromptError: User force closed the prompt with SIGINT
    at Interface.sigint (C:\Users\Gonza\AppData\Roaming\npm\node_modules\firebase-tools\node_modules\@inquirer\core\dist\commonjs\lib\create-prompt.js:101:37)
    at Interface.emit (node:events:519:28)
    at Interface.emit (node:domain:489:12)
    at [_ttyWrite] [as _ttyWrite] (node:internal/readline/interface:1132:18)
    at ReadStream.onkeypress (node:internal/readline/interface:271:20)
    at ReadStream.emit (node:events:531:35)
    at ReadStream.emit (node:domain:489:12)
    at emitKeys (node:internal/readline/utils:370:14)
    at emitKeys.next (<anonymous>)
    at ReadStream.onData (node:internal/readline/emitKeypressEvents:64:36)
[error] 
[error] Error: An unexpected error has occurred.
